<?xml version="1.0" encoding="UTF-8"?>
<!-- Generated by org.testng.reporters.JUnitXMLReporter -->
<testsuite ignored="0" hostname="DESKTOP-D8ARRET" failures="1" tests="1" name="Test1" time="0.089" errors="0" timestamp="04 May 2022 10:00:39 GMT">
  <testcase classname="sampleTestCase.ParameterDemo" name="printName" time="0.0">
    <failure type="org.testng.TestNGException" message="
Parameter &amp;apos;Name&amp;apos; is required by @Test on method printName but has not been marked @Optional or defined
in C:\Users\CANDIDPIC\eclipse-workspace\DemoTestng\src\test\java\sampleTestCase\parameter.xml">
      <![CDATA[org.testng.TestNGException: 
Parameter 'Name' is required by @Test on method printName but has not been marked @Optional or defined
in C:\Users\CANDIDPIC\eclipse-workspace\DemoTestng\src\test\java\sampleTestCase\parameter.xml
at java.base/java.util.concurrent.FutureTask.run(FutureTask.java:264)
at java.base/java.util.concurrent.ThreadPoolExecutor.runWorker(ThreadPoolExecutor.java:1136)
at java.base/java.util.concurrent.ThreadPoolExecutor$Worker.run(ThreadPoolExecutor.java:635)
at java.base/java.lang.Thread.run(Thread.java:833)
... Removed 15 stack frames]]>
    </failure>
  </testcase> <!-- printName -->
</testsuite> <!-- Test1 -->
